{"/home/elijah/Documents/Practice/analyzeArray.js": {"path":"/home/elijah/Documents/Practice/analyzeArray.js","statementMap":{"0":{"start":{"line":5,"column":14},"end":{"line":5,"column":62}},"1":{"start":{"line":5,"column":44},"end":{"line":5,"column":58}},"2":{"start":{"line":8,"column":19},"end":{"line":13,"column":7}},"3":{"start":{"line":15,"column":4},"end":{"line":15,"column":20}},"4":{"start":{"line":18,"column":0},"end":{"line":18,"column":28}}},"fnMap":{"0":{"name":"analyzeArray","decl":{"start":{"line":3,"column":9},"end":{"line":3,"column":21}},"loc":{"start":{"line":3,"column":26},"end":{"line":16,"column":1}},"line":3},"1":{"name":"(anonymous_1)","decl":{"start":{"line":5,"column":25},"end":{"line":5,"column":26}},"loc":{"start":{"line":5,"column":44},"end":{"line":5,"column":58}},"line":5}},"branchMap":{},"s":{"0":1,"1":6,"2":1,"3":1,"4":1},"f":{"0":1,"1":6},"b":{},"_coverageSchema":"1a1c01bbd47fc00a2c39e90264f33305004495a9","hash":"0f1251078e4799f9b878ae606e2395f0143b42d5"}
,"/home/elijah/Documents/Practice/calculator.js": {"path":"/home/elijah/Documents/Practice/calculator.js","statementMap":{"0":{"start":{"line":5,"column":8},"end":{"line":5,"column":19}},"1":{"start":{"line":8,"column":8},"end":{"line":8,"column":19}},"2":{"start":{"line":10,"column":4},"end":{"line":12,"column":5}},"3":{"start":{"line":11,"column":8},"end":{"line":11,"column":19}},"4":{"start":{"line":13,"column":4},"end":{"line":15,"column":5}},"5":{"start":{"line":14,"column":8},"end":{"line":14,"column":19}},"6":{"start":{"line":18,"column":4},"end":{"line":18,"column":48}},"7":{"start":{"line":21,"column":0},"end":{"line":21,"column":26}}},"fnMap":{"0":{"name":"calculator","decl":{"start":{"line":3,"column":9},"end":{"line":3,"column":19}},"loc":{"start":{"line":3,"column":24},"end":{"line":19,"column":1}},"line":3},"1":{"name":"add","decl":{"start":{"line":4,"column":13},"end":{"line":4,"column":16}},"loc":{"start":{"line":4,"column":18},"end":{"line":6,"column":5}},"line":4},"2":{"name":"subtract","decl":{"start":{"line":7,"column":13},"end":{"line":7,"column":21}},"loc":{"start":{"line":7,"column":23},"end":{"line":9,"column":5}},"line":7},"3":{"name":"(anonymous_3)","decl":{"start":{"line":10,"column":13},"end":{"line":10,"column":14}},"loc":{"start":{"line":10,"column":19},"end":{"line":12,"column":5}},"line":10},"4":{"name":"(anonymous_4)","decl":{"start":{"line":13,"column":14},"end":{"line":13,"column":15}},"loc":{"start":{"line":13,"column":20},"end":{"line":15,"column":5}},"line":13}},"branchMap":{},"s":{"0":1,"1":1,"2":1,"3":1,"4":1,"5":1,"6":1,"7":1},"f":{"0":1,"1":1,"2":1,"3":1,"4":1},"b":{},"_coverageSchema":"1a1c01bbd47fc00a2c39e90264f33305004495a9","hash":"f5559a25dfea3904f4c73d2d545ee08c69e51bda"}
,"/home/elijah/Documents/Practice/capitalize.js": {"path":"/home/elijah/Documents/Practice/capitalize.js","statementMap":{"0":{"start":{"line":3,"column":20},"end":{"line":3,"column":35}},"1":{"start":{"line":4,"column":4},"end":{"line":4,"column":23}},"2":{"start":{"line":7,"column":0},"end":{"line":7,"column":26}}},"fnMap":{"0":{"name":"capitalize","decl":{"start":{"line":2,"column":9},"end":{"line":2,"column":19}},"loc":{"start":{"line":2,"column":22},"end":{"line":5,"column":1}},"line":2}},"branchMap":{},"s":{"0":1,"1":1,"2":1},"f":{"0":1},"b":{},"_coverageSchema":"1a1c01bbd47fc00a2c39e90264f33305004495a9","hash":"a3c9b4308a8e35cedb1ae2660e7918ab22b36497"}
,"/home/elijah/Documents/Practice/reverseString.js": {"path":"/home/elijah/Documents/Practice/reverseString.js","statementMap":{"0":{"start":{"line":2,"column":4},"end":{"line":2,"column":44}},"1":{"start":{"line":4,"column":0},"end":{"line":4,"column":41}},"2":{"start":{"line":6,"column":0},"end":{"line":6,"column":29}}},"fnMap":{"0":{"name":"reverseString","decl":{"start":{"line":1,"column":9},"end":{"line":1,"column":22}},"loc":{"start":{"line":1,"column":27},"end":{"line":3,"column":1}},"line":1}},"branchMap":{},"s":{"0":2,"1":1,"2":1},"f":{"0":2},"b":{},"_coverageSchema":"1a1c01bbd47fc00a2c39e90264f33305004495a9","hash":"ec7b43ff07c41aa57131c99f1afeac8a9d42defd"}
}
