TN:
SF:analyzeArray.js
FN:3,analyzeArray
FN:5,(anonymous_1)
FNF:2
FNH:2
FNDA:1,analyzeArray
FNDA:6,(anonymous_1)
DA:5,6
DA:8,1
DA:15,1
DA:18,1
LF:4
LH:4
BRF:0
BRH:0
end_of_record
TN:
SF:calculator.js
FN:3,calculator
FN:4,add
FN:7,subtract
FN:10,(anonymous_3)
FN:13,(anonymous_4)
FNF:5
FNH:5
FNDA:1,calculator
FNDA:1,add
FNDA:1,subtract
FNDA:1,(anonymous_3)
FNDA:1,(anonymous_4)
DA:5,1
DA:8,1
DA:10,1
DA:11,1
DA:13,1
DA:14,1
DA:18,1
DA:21,1
LF:8
LH:8
BRF:0
BRH:0
end_of_record
TN:
SF:capitalize.js
FN:2,capitalize
FNF:1
FNH:1
FNDA:1,capitalize
DA:3,1
DA:4,1
DA:7,1
LF:3
LH:3
BRF:0
BRH:0
end_of_record
TN:
SF:reverseString.js
FN:1,reverseString
FNF:1
FNH:1
FNDA:2,reverseString
DA:2,2
DA:4,1
DA:6,1
LF:3
LH:3
BRF:0
BRH:0
end_of_record
